[    0.000000] Initializing cgroup subsys cpuset
[    0.000000] Initializing cgroup subsys cpu
[    0.000000] Initializing cgroup subsys cpuacct
[    0.000000] Linux version 4.4.0-109-generic (buildd@lgw01-amd64-038) (gcc version 5.4.0 20160609 (Ubuntu 5.4.0-6ubuntu1~16.04.5) ) #132-Ubuntu SMP Tue Jan 9 19:52:39 UTC 2018 (Ubuntu 4.4.0-109.132-generic 4.4.98)
[    0.000000] Command line: BOOT_IMAGE=/boot/vmlinuz-4.4.0-109-generic root=LABEL=cloudimg-rootfs ro console=tty1 console=ttyS0
[    0.000000] KERNEL supported cpus:
[    0.000000]   Intel GenuineIntel
[    0.000000]   AMD AuthenticAMD
[    0.000000]   Centaur CentaurHauls
[    0.000000] x86/fpu: xstate_offset[2]:  576, xstate_sizes[2]:  256
[    0.000000] x86/fpu: Supporting XSAVE feature 0x01: 'x87 floating point registers'
[    0.000000] x86/fpu: Supporting XSAVE feature 0x02: 'SSE registers'
[    0.000000] x86/fpu: Supporting XSAVE feature 0x04: 'AVX registers'
[    0.000000] x86/fpu: Enabled xstate features 0x7, context size is 832 bytes, using 'standard' format.
[    0.000000] x86/fpu: Using 'lazy' FPU context switches.
[    0.000000] e820: BIOS-provided physical RAM map:
[    0.000000] BIOS-e820: [mem 0x0000000000000000-0x000000000009fbff] usable
[    0.000000] BIOS-e820: [mem 0x000000000009fc00-0x000000000009ffff] reserved
[    0.000000] BIOS-e820: [mem 0x00000000000f0000-0x00000000000fffff] reserved
[    0.000000] BIOS-e820: [mem 0x0000000000100000-0x000000001ffeffff] usable
[    0.000000] BIOS-e820: [mem 0x000000001fff0000-0x000000001fffffff] ACPI data
[    0.000000] BIOS-e820: [mem 0x00000000fec00000-0x00000000fec00fff] reserved
[    0.000000] BIOS-e820: [mem 0x00000000fee00000-0x00000000fee00fff] reserved
[    0.000000] BIOS-e820: [mem 0x00000000fffc0000-0x00000000ffffffff] reserved
[    0.000000] NX (Execute Disable) protection: active
[    0.000000] SMBIOS 2.5 present.
[    0.000000] Hypervisor detected: KVM
[    0.000000] Kernel/User page tables isolation: disabled
[    0.000000] e820: last_pfn = 0x1fff0 max_arch_pfn = 0x400000000
[    0.000000] MTRR: Disabled
[    0.000000] x86/PAT: MTRRs disabled, skipping PAT initialization too.
[    0.000000] CPU MTRRs all blank - virtualized system.
[    0.000000] x86/PAT: Configuration [0-7]: WB  WT  UC- UC  WB  WT  UC- UC  
[    0.000000] found SMP MP-table at [mem 0x0009fff0-0x0009ffff] mapped at [ffff88000009fff0]
[    0.000000] Scanning 1 areas for low memory corruption
[    0.000000] RAMDISK: [mem 0x1edb6000-0x1f83ffff]
[    0.000000] ACPI: Early table checksum verification disabled
[    0.000000] ACPI: RSDP 0x00000000000E0000 000024 (v02 VBOX  )
[    0.000000] ACPI: XSDT 0x000000001FFF0030 00003C (v01 VBOX   VBOXXSDT 00000001 ASL  00000061)
[    0.000000] ACPI: FACP 0x000000001FFF00F0 0000F4 (v04 VBOX   VBOXFACP 00000001 ASL  00000061)
[    0.000000] ACPI: DSDT 0x000000001FFF0470 0021FF (v02 VBOX   VBOXBIOS 00000002 INTL 20160108)
[    0.000000] ACPI: FACS 0x000000001FFF0200 000040
[    0.000000] ACPI: FACS 0x000000001FFF0200 000040
[    0.000000] ACPI: APIC 0x000000001FFF0240 00005C (v02 VBOX   VBOXAPIC 00000001 ASL  00000061)
[    0.000000] ACPI: SSDT 0x000000001FFF02A0 0001CC (v01 VBOX   VBOXCPUT 00000002 INTL 20160108)
[    0.000000] No NUMA configuration found
[    0.000000] Faking a node at [mem 0x0000000000000000-0x000000001ffeffff]
[    0.000000] NODE_DATA(0) allocated [mem 0x1ffeb000-0x1ffeffff]
[    0.000000] kvm-clock: Using msrs 4b564d01 and 4b564d00
[    0.000000] kvm-clock: cpu 0, msr 0:1ffe3001, primary cpu clock
[    0.000000] kvm-clock: using sched offset of 3224983780 cycles
[    0.000000] clocksource: kvm-clock: mask: 0xffffffffffffffff max_cycles: 0x1cd42e4dffb, max_idle_ns: 881590591483 ns
[    0.000000] Zone ranges:
[    0.000000]   DMA      [mem 0x0000000000001000-0x0000000000ffffff]
[    0.000000]   DMA32    [mem 0x0000000001000000-0x000000001ffeffff]
[    0.000000]   Normal   empty
[    0.000000]   Device   empty
[    0.000000] Movable zone start for each node
[    0.000000] Early memory node ranges
[    0.000000]   node   0: [mem 0x0000000000001000-0x000000000009efff]
[    0.000000]   node   0: [mem 0x0000000000100000-0x000000001ffeffff]
[    0.000000] Initmem setup node 0 [mem 0x0000000000001000-0x000000001ffeffff]
[    0.000000] ACPI: PM-Timer IO Port: 0x4008
[    0.000000] IOAPIC[0]: apic_id 2, version 32, address 0xfec00000, GSI 0-23
[    0.000000] ACPI: INT_SRC_OVR (bus 0 bus_irq 0 global_irq 2 dfl dfl)
[    0.000000] ACPI: INT_SRC_OVR (bus 0 bus_irq 9 global_irq 9 high level)
[    0.000000] Using ACPI (MADT) for SMP configuration information
[    0.000000] smpboot: Allowing 2 CPUs, 0 hotplug CPUs
[    0.000000] PM: Registered nosave memory: [mem 0x00000000-0x00000fff]
[    0.000000] PM: Registered nosave memory: [mem 0x0009f000-0x0009ffff]
[    0.000000] PM: Registered nosave memory: [mem 0x000a0000-0x000effff]
[    0.000000] PM: Registered nosave memory: [mem 0x000f0000-0x000fffff]
[    0.000000] e820: [mem 0x20000000-0xfebfffff] available for PCI devices
[    0.000000] Booting paravirtualized kernel on KVM
[    0.000000] clocksource: refined-jiffies: mask: 0xffffffff max_cycles: 0xffffffff, max_idle_ns: 7645519600211568 ns
[    0.000000] setup_percpu: NR_CPUS:512 nr_cpumask_bits:512 nr_cpu_ids:2 nr_node_ids:1
[    0.000000] PERCPU: Embedded 34 pages/cpu @ffff88001fc00000 s99544 r8192 d31528 u1048576
[    0.000000] PV qspinlock hash table entries: 256 (order: 0, 4096 bytes)
[    0.000000] Built 1 zonelists in Node order, mobility grouping on.  Total pages: 128889
[    0.000000] Policy zone: DMA32
[    0.000000] Kernel command line: BOOT_IMAGE=/boot/vmlinuz-4.4.0-109-generic root=LABEL=cloudimg-rootfs ro console=tty1 console=ttyS0
[    0.000000] PID hash table entries: 2048 (order: 2, 16384 bytes)
[    0.000000] Memory: 485660K/523832K available (8485K kernel code, 1308K rwdata, 3988K rodata, 1508K init, 1316K bss, 38172K reserved, 0K cma-reserved)
[    0.000000] SLUB: HWalign=64, Order=0-3, MinObjects=0, CPUs=2, Nodes=1
[    0.000000] Hierarchical RCU implementation.
[    0.000000] 	Build-time adjustment of leaf fanout to 64.
[    0.000000] 	RCU restricting CPUs from NR_CPUS=512 to nr_cpu_ids=2.
[    0.000000] RCU: Adjusting geometry for rcu_fanout_leaf=64, nr_cpu_ids=2
[    0.000000] NR_IRQS:33024 nr_irqs:440 16
[    0.000000] Console: colour VGA+ 80x25
[    0.000000] console [tty1] enabled
[    0.000000] console [ttyS0] enabled
[    0.000000] tsc: Detected 3094.372 MHz processor
[    0.000000] tsc: Marking TSC unstable due to TSCs unsynchronized
[    0.012000] Calibrating delay loop (skipped) preset value.. 6188.74 BogoMIPS (lpj=12377488)
[    0.016005] pid_max: default: 32768 minimum: 301
[    0.020018] ACPI: Core revision 20150930
[    0.025301] ACPI: 2 ACPI AML tables successfully acquired and loaded
[    0.032423] Security Framework initialized
[    0.036009] Yama: becoming mindful.
[    0.040036] AppArmor: AppArmor initialized
[    0.048016] Dentry cache hash table entries: 65536 (order: 7, 524288 bytes)
[    0.052162] Inode-cache hash table entries: 32768 (order: 6, 262144 bytes)
[    0.056109] Mount-cache hash table entries: 1024 (order: 1, 8192 bytes)
[    0.060020] Mountpoint-cache hash table entries: 1024 (order: 1, 8192 bytes)
[    0.064252] Initializing cgroup subsys io
[    0.068009] Initializing cgroup subsys memory
[    0.072018] Initializing cgroup subsys devices
[    0.076016] Initializing cgroup subsys freezer
[    0.080017] Initializing cgroup subsys net_cls
[    0.084013] Initializing cgroup subsys perf_event
[    0.088016] Initializing cgroup subsys net_prio
[    0.092018] Initializing cgroup subsys hugetlb
[    0.096010] Initializing cgroup subsys pids
[    0.100145] CPU: Physical Processor ID: 0
[    0.104013] CPU: Processor Core ID: 0
[    0.108010] mce: CPU supports 0 MCE banks
[    0.112043] Last level iTLB entries: 4KB 512, 2MB 1024, 4MB 512
[    0.116017] Last level dTLB entries: 4KB 1024, 2MB 1024, 4MB 512, 1GB 0
[    0.122381] Freeing SMP alternatives memory: 32K
[    0.135357] ftrace: allocating 32171 entries in 126 pages
[    0.144136] smpboot: APIC(0) Converting physical 0 to logical package 0
[    0.148018] smpboot: Max logical packages: 1
[    0.152468] x2apic enabled
[    0.160011] Switched APIC routing to physical x2apic.
[    0.165662] ..TIMER: vector=0x30 apic1=0 pin1=2 apic2=-1 pin2=-1
[    0.172000] smpboot: CPU0: AMD A8-7600 Radeon R7, 10 Compute Cores 4C+6G (family: 0x15, model: 0x30, stepping: 0x1)
[    0.184024] Performance Events: Broken PMU hardware detected, using software events only.
[    0.192014] Failed to access perfctr msr (MSR c0010007 is 0)
[    0.196092] KVM setup paravirtual spinlock
[    0.201020] x86: Booting SMP configuration:
[    0.204010] .... node  #0, CPUs:      #1
[    0.012000] kvm-clock: cpu 1, msr 0:1ffe3041, secondary cpu clock
[    0.012000] mce: CPU supports 0 MCE banks
[    0.280158] x86: Booted up 1 node, 2 CPUs
[    0.284017] smpboot: Total of 2 processors activated (12377.48 BogoMIPS)
[    0.292284] devtmpfs: initialized
[    0.298018] evm: security.selinux
[    0.300012] evm: security.SMACK64
[    0.304005] evm: security.SMACK64EXEC
[    0.308011] evm: security.SMACK64TRANSMUTE
[    0.312006] evm: security.SMACK64MMAP
[    0.316006] evm: security.ima
[    0.320002] evm: security.capability
[    0.324182] clocksource: jiffies: mask: 0xffffffff max_cycles: 0xffffffff, max_idle_ns: 7645041785100000 ns
[    0.328049] futex hash table entries: 512 (order: 3, 32768 bytes)
[    0.332143] pinctrl core: initialized pinctrl subsystem
[    0.336203] RTC time: 13:45:58, date: 02/03/18
[    0.340585] NET: Registered protocol family 16
[    0.356018] cpuidle: using governor ladder
[    0.468013] cpuidle: using governor menu
[    0.584022] PCCT header not found.
[    0.656384] ACPI: bus type PCI registered
[    0.708016] acpiphp: ACPI Hot Plug PCI Controller Driver version: 0.5
[    0.884021] PCI: Using configuration type 1 for base access
[    0.924006] PCI: Using configuration type 1 for extended access
[    1.092260] ACPI: Added _OSI(Module Device)
[    1.096012] ACPI: Added _OSI(Processor Device)
[    1.100003] ACPI: Added _OSI(3.0 _SCP Extensions)
[    1.104015] ACPI: Added _OSI(Processor Aggregator Device)
[    1.108924] ACPI: Executed 1 blocks of module-level executable AML code
[    1.120143] ACPI: Interpreter enabled
[    1.124061] ACPI: (supports S0 S5)
[    1.128011] ACPI: Using IOAPIC for interrupt routing
[    1.132278] PCI: Using host bridge windows from ACPI; if necessary, use "pci=nocrs" and report a bug
[    1.143149] ACPI: PCI Root Bridge [PCI0] (domain 0000 [bus 00-ff])
[    1.144020] acpi PNP0A03:00: _OSC: OS supports [ExtendedConfig ASPM ClockPM Segments MSI]
[    1.148093] acpi PNP0A03:00: _OSC: OS now controls [PCIeHotplug PME AER PCIeCapability]
[    1.152155] PCI host bridge to bus 0000:00
[    1.154456] pci_bus 0000:00: root bus resource [io  0x0000-0x0cf7 window]
[    1.156005] pci_bus 0000:00: root bus resource [io  0x0d00-0xffff window]
[    1.160004] pci_bus 0000:00: root bus resource [mem 0x000a0000-0x000bffff window]
[    1.164003] pci_bus 0000:00: root bus resource [mem 0x20000000-0xffdfffff window]
[    1.168004] pci_bus 0000:00: root bus resource [bus 00-ff]
[    1.173700] pci 0000:00:01.1: legacy IDE quirk: reg 0x10: [io  0x01f0-0x01f7]
[    1.176019] pci 0000:00:01.1: legacy IDE quirk: reg 0x14: [io  0x03f6]
[    1.180019] pci 0000:00:01.1: legacy IDE quirk: reg 0x18: [io  0x0170-0x0177]
[    1.184017] pci 0000:00:01.1: legacy IDE quirk: reg 0x1c: [io  0x0376]
[    1.213429] pci 0000:00:07.0: quirk: [io  0x4000-0x403f] claimed by PIIX4 ACPI
[    1.216037] pci 0000:00:07.0: quirk: [io  0x4100-0x410f] claimed by PIIX4 SMB
[    1.230471] ACPI: PCI Interrupt Link [LNKA] (IRQs 5 9 10 *11)
[    1.239357] ACPI: PCI Interrupt Link [LNKB] (IRQs 5 9 10 *11)
[    1.248519] ACPI: PCI Interrupt Link [LNKC] (IRQs 5 9 *10 11)
[    1.257736] ACPI: PCI Interrupt Link [LNKD] (IRQs 5 *9 10 11)
[    1.268212] ACPI: Enabled 2 GPEs in block 00 to 07
[    1.272317] vgaarb: setting as boot device: PCI:0000:00:02.0
[    1.276000] vgaarb: device added: PCI:0000:00:02.0,decodes=io+mem,owns=io+mem,locks=none
[    1.276018] vgaarb: loaded
[    1.280014] vgaarb: bridge control possible 0000:00:02.0
[    1.284410] SCSI subsystem initialized
[    1.288095] ACPI: bus type USB registered
[    1.292085] usbcore: registered new interface driver usbfs
[    1.296074] usbcore: registered new interface driver hub
[    1.300086] usbcore: registered new device driver usb
[    1.304227] PCI: Using ACPI for IRQ routing
[    1.308411] NetLabel: Initializing
[    1.312011] NetLabel:  domain hash size = 128
[    1.316011] NetLabel:  protocols = UNLABELED CIPSOv4
[    1.320037] NetLabel:  unlabeled traffic allowed by default
[    1.328096] amd_nb: Cannot enumerate AMD northbridges
[    1.332075] clocksource: Switched to clocksource kvm-clock
[    1.451600] AppArmor: AppArmor Filesystem Enabled
[    1.516914] pnp: PnP ACPI init
[    1.557670] pnp: PnP ACPI: found 3 devices
[    1.623974] clocksource: acpi_pm: mask: 0xffffff max_cycles: 0xffffff, max_idle_ns: 2085701024 ns
[    1.733920] NET: Registered protocol family 2
[    1.825794] TCP established hash table entries: 4096 (order: 3, 32768 bytes)
[    1.916974] TCP bind hash table entries: 4096 (order: 4, 65536 bytes)
[    2.057148] TCP: Hash tables configured (established 4096 bind 4096)
[    2.122793] UDP hash table entries: 256 (order: 1, 8192 bytes)
[    2.239946] UDP-Lite hash table entries: 256 (order: 1, 8192 bytes)
[    2.387085] NET: Registered protocol family 1
[    2.446980] pci 0000:00:00.0: Limiting direct PCI/PCI transfers
[    2.527978] pci 0000:00:01.0: Activating ISA DMA hang workarounds
[    2.591270] Unpacking initramfs...
[    4.882542] Freeing initrd memory: 10792K
[    4.988418] clocksource: tsc: mask: 0xffffffffffffffff max_cycles: 0x2c9a834e092, max_idle_ns: 440795248211 ns
[    5.129119] platform rtc_cmos: registered platform RTC device (no PNP device found)
[    5.190123] Scanning for low memory corruption every 60 seconds
[    5.214095] audit: initializing netlink subsys (disabled)
[    5.221407] audit: type=2000 audit(1517665560.458:1): initialized
[    5.338968] Initialise system trusted keyring
[    5.422064] HugeTLB registered 2 MB page size, pre-allocated 0 pages
[    5.556606] zbud: loaded
[    5.569749] VFS: Disk quotas dquot_6.6.0
[    5.613673] VFS: Dquot-cache hash table entries: 512 (order 0, 4096 bytes)
[    5.629535] squashfs: version 4.0 (2009/01/31) Phillip Lougher
[    5.681154] fuse init (API version 7.23)
[    5.714391] Key type big_key registered
[    5.748662] Allocating IMA MOK and blacklist keyrings.
[    5.782875] Key type asymmetric registered
[    5.856179] Asymmetric key parser 'x509' registered
[    5.935827] Block layer SCSI generic (bsg) driver version 0.4 loaded (major 249)
[    6.040787] io scheduler noop registered
[    6.121520] io scheduler deadline registered (default)
[    6.163381] io scheduler cfq registered
[    6.264082] pci_hotplug: PCI Hot Plug PCI Core version: 0.5
[    6.370515] pciehp: PCI Express Hot Plug Controller Driver version: 0.4
[    6.529800] ACPI: AC Adapter [AC] (on-line)
[    6.662752] input: Power Button as /devices/LNXSYSTM:00/LNXPWRBN:00/input/input0
[    6.823146] ACPI: Power Button [PWRF]
[    6.882415] input: Sleep Button as /devices/LNXSYSTM:00/LNXSLPBN:00/input/input1
[    6.953097] ACPI: Sleep Button [SLPF]
[    6.984972] GHES: HEST is not enabled!
[    7.041282] Serial: 8250/16550 driver, 32 ports, IRQ sharing enabled
[    7.140464] 00:02: ttyS0 at I/O 0x3f8 (irq = 4, base_baud = 115200) is a 16550A
[    7.234958] Linux agpgart interface v0.103
[    7.353867] loop: module loaded
[    7.379424] scsi host0: ata_piix
[    7.382148] scsi host1: ata_piix
[    7.383496] ata1: PATA max UDMA/33 cmd 0x1f0 ctl 0x3f6 bmdma 0xd000 irq 14
[    7.476691] ata2: PATA max UDMA/33 cmd 0x170 ctl 0x376 bmdma 0xd008 irq 15
[    7.572830] libphy: Fixed MDIO Bus: probed
[    7.631042] tun: Universal TUN/TAP device driver, 1.6
[    7.738638] tun: (C) 1999-2004 Max Krasnyansky <maxk@qualcomm.com>
[    7.784279] PPP generic driver version 2.4.2
[    7.834938] ehci_hcd: USB 2.0 'Enhanced' Host Controller (EHCI) Driver
[    7.880791] ehci-pci: EHCI PCI platform driver
[    7.892719] ehci-platform: EHCI generic platform driver
[    7.956640] ohci_hcd: USB 1.1 'Open' Host Controller (OHCI) Driver
[    8.140614] ohci-pci: OHCI PCI platform driver
[    8.212425] ohci-platform: OHCI generic platform driver
[    8.277047] uhci_hcd: USB Universal Host Controller Interface driver
[    8.354473] i8042: PNP: PS/2 Controller [PNP0303:PS2K,PNP0f03:PS2M] at 0x60,0x64 irq 1,12
[    8.472847] serio: i8042 KBD port at 0x60,0x64 irq 1
[    8.533607] serio: i8042 AUX port at 0x60,0x64 irq 12
[    8.615442] mousedev: PS/2 mouse device common for all mice
[    8.699799] input: AT Translated Set 2 keyboard as /devices/platform/i8042/serio0/input/input2
[    8.704738] rtc_cmos rtc_cmos: rtc core: registered rtc_cmos as rtc0
[    8.704889] rtc_cmos rtc_cmos: alarms up to one day, 114 bytes nvram
[    8.704907] i2c /dev entries driver
[    8.705040] device-mapper: uevent: version 1.0.3
[    8.705158] device-mapper: ioctl: 4.34.0-ioctl (2015-10-28) initialised: dm-devel@redhat.com
[    8.705187] ledtrig-cpu: registered to indicate activity on CPUs
[    8.705755] NET: Registered protocol family 10
[    8.706036] NET: Registered protocol family 17
[    8.706053] Key type dns_resolver registered
[    8.705947] microcode: CPU0: patch_level=0x06000626
[    8.772822] microcode: CPU1: patch_level=0x06000626
[    8.772936] microcode: Microcode Update Driver: v2.01 <tigran@aivazian.fsnet.co.uk>, Peter Oruba
[    8.773128] registered taskstats version 1
[    8.773155] Loading compiled-in X.509 certificates
[    8.774084] Loaded X.509 cert 'Build time autogenerated kernel key: 96e61bd247bb6c4e82ca419795a98fcb171b0e99'
[    8.774113] zswap: loaded using pool lzo/zbud
[    8.776201] Key type trusted registered
[    8.779707] Key type encrypted registered
[    8.779716] AppArmor: AppArmor sha1 policy hashing enabled
[    8.779721] ima: No TPM chip found, activating TPM-bypass!
[    8.779751] evm: HMAC attrs: 0x1
[    8.780013]   Magic number: 6:812:785
[    8.814451] rtc_cmos rtc_cmos: setting system clock to 2018-02-03 13:46:08 UTC (1517665568)
[    8.814660] BIOS EDD facility v0.16 2004-Jun-25, 0 devices found
[    8.814661] EDD information not available.
[    9.762859] Freeing unused kernel memory: 1508K
[    9.864594] Write protecting the kernel read-only data: 14336k
[    9.904348] Freeing unused kernel memory: 1744K
[    9.938376] Freeing unused kernel memory: 108K
Loading, please wait...
starting version[    9.991845] random: systemd-udevd: uninitialized urandom read (16 bytes read, 4 bits of entropy available)
 229
[    9.993358] random: udevadm: uninitialized urandom read (16 bytes read, 4 bits of entropy available)
[    9.993388] random: udevadm: uninitialized urandom read (16 bytes read, 4 bits of entropy available)
[   10.009158] random: udevadm: uninitialized urandom read (16 bytes read, 4 bits of entropy available)
[   10.009211] random: udevadm: uninitialized urandom read (16 bytes read, 4 bits of entropy available)
[   10.009379] random: udevadm: uninitialized urandom read (16 bytes read, 4 bits of entropy available)
[   10.009440] random: udevadm: uninitialized urandom read (16 bytes read, 4 bits of entropy available)
[   10.009502] random: udevadm: uninitialized urandom read (16 bytes read, 4 bits of entropy available)
[   10.009573] random: udevadm: uninitialized urandom read (16 bytes read, 4 bits of entropy available)
[   10.009631] random: udevadm: uninitialized urandom read (16 bytes read, 4 bits of entropy available)
[   11.459366] e1000: Intel(R) PRO/1000 Network Driver - version 7.3.21-k8-NAPI
[   11.552494] e1000: Copyright (c) 1999-2006 Intel Corporation.
[   11.644445] Fusion MPT base driver 3.04.20
[   11.646727] Copyright (c) 1999-2008 LSI Corporation
[   11.657804] Fusion MPT SPI Host driver 3.04.20
[   11.680704] AVX version of gcm_enc/dec engaged.
[   11.719241] AES CTR mode by8 optimization enabled
[   11.846147] input: ImExPS/2 Generic Explorer Mouse as /devices/platform/i8042/serio1/input/input4
[   12.072892] e1000 0000:00:03.0 eth0: (PCI:33MHz:32-bit) 02:38:07:4c:82:85
[   12.259049] e1000 0000:00:03.0 eth0: Intel(R) PRO/1000 Network Connection
[   12.402311] mptbase: ioc0: Initiating bringup
[   12.403155] e1000 0000:00:03.0 enp0s3: renamed from eth0
[   12.640597] ioc0: LSI53C1030 A0: Capabilities={Initiator}
[   12.914248] scsi host2: ioc0: LSI53C1030 A0, FwRev=00000000h, Ports=1, MaxQ=256, IRQ=20
[   13.160876] scsi 2:0:0:0: Direct-Access     VBOX     HARDDISK         1.0  PQ: 0 ANSI: 5
[   13.191360] scsi target2:0:0: Beginning Domain Validation
[   13.239048] scsi target2:0:0: Domain Validation skipping write tests
[   13.285773] scsi target2:0:0: Ending Domain Validation
[   13.312732] scsi target2:0:0: asynchronous
[   13.363633] scsi 2:0:1:0: Direct-Access     VBOX     HARDDISK         1.0  PQ: 0 ANSI: 5
[   13.464106] scsi target2:0:1: Beginning Domain Validation
[   13.556399] scsi target2:0:1: Domain Validation skipping write tests
[   13.646533] scsi target2:0:1: Ending Domain Validation
[   13.700078] scsi target2:0:1: asynchronous
[   13.743632] sd 2:0:0:0: Attached scsi generic sg0 type 0
[   13.778014] sd 2:0:0:0: [sda] 20971520 512-byte logical blocks: (10.7 GB/10.0 GiB)
[   13.778699] sd 2:0:1:0: Attached scsi generic sg1 type 0
[   13.778890] sd 2:0:1:0: [sdb] 20480 512-byte logical blocks: (10.5 MB/10.0 MiB)
[   13.779014] sd 2:0:1:0: [sdb] Write Protect is off
[   13.779093] sd 2:0:1:0: [sdb] Incomplete mode parameter data
[   13.779094] sd 2:0:1:0: [sdb] Assuming drive cache: write through
[   13.801401] sd 2:0:1:0: [sdb] Attached SCSI disk
[   14.605567] sd 2:0:0:0: [sda] Write Protect is off
[   14.612745] sd 2:0:0:0: [sda] Incomplete mode parameter data
[   14.636115] sd 2:0:0:0: [sda] Assuming drive cache: write through
[   14.684256] floppy0: no floppy controllers found
[   14.690074]  sda: sda1
[   14.691428] sd 2:0:0:0: [sda] Attached SCSI disk
Begin: Loading e[   16.244073] md: linear personality registered for level -1
ssential drivers[   16.306211] md: multipath personality registered for level -4
 ... [   16.359476] md: raid0 personality registered for level 0
[   16.469813] md: raid1 personality registered for level 1
[   16.624053] raid6: sse2x1   gen()  5488 MB/s
[   16.696040] raid6: sse2x1   xor()  3791 MB/s
[   16.816023] raid6: sse2x2   gen()  8492 MB/s
[   16.932053] raid6: sse2x2   xor()  5802 MB/s
[   17.020110] raid6: sse2x4   gen()  8661 MB/s
[   17.112091] raid6: sse2x4   xor()  4101 MB/s
[   17.153254] raid6: using algorithm sse2x4 gen() 8661 MB/s
[   17.197725] raid6: .... xor() 4101 MB/s, rmw enabled
[   17.205019] raid6: using ssse3x2 recovery algorithm
[   17.235278] xor: automatically using best checksumming function:
[   17.464046]    avx       :  7993.000 MB/sec
[   17.513937] async_tx: api initialized (async)
[   17.550368] md: raid6 personality registered for level 6
[   17.622688] md: raid5 personality registered for level 5
[   17.672318] md: raid4 personality registered for level 4
[   17.723528] md: raid10 personality registered for level 10
done.
Begin: Running /scripts/init-premount ... done[   17.801743] Btrfs loaded
.
Begin: Mounting root file system ... Begin: Running /scripts/local-top ... done.
Begin: Running /scripts/local-premount ... Scanning for Btrfs filesystems
done.
Warning: fsck not present[   17.946248] EXT4-fs (sda1): mounted filesystem with ordered data mode. Opts: (null)
, so skipping root file system
done.
Begin: Running /scripts/local-bottom ... done.
Begin: Running /scripts/init-bottom ... done.
[   18.660015] systemd[1]: systemd 229 running in system mode. (+PAM +AUDIT +SELINUX +IMA +APPARMOR +SMACK +SYSVINIT +UTMP +LIBCRYPTSETUP +GCRYPT +GNUTLS +ACL +XZ -LZ4 +SECCOMP +BLKID +ELFUTILS +KMOD -IDN)
[   18.746116] systemd[1]: Detected virtualization oracle.
[   18.748781] systemd[1]: Detected architecture x86-64.

Welcome to [1mUbuntu 16.04.3 LTS[0m!

[   18.920856] systemd[1]: Set hostname to <ubuntu>.
[   19.012310] systemd[1]: Initializing machine ID from random generator.
[   19.154399] systemd[1]: Installed transient /etc/machine-id file.
[   19.378135] random: nonblocking pool is initialized
[   20.413852] systemd[1]: Listening on Journal Audit Socket.
[[0;32m  OK  [0m] Listening on Journal Audit Socket.
[   20.496332] systemd[1]: Listening on Journal Socket.
[[0;32m  OK  [0m] Listening on Journal Socket.
[   20.604232] systemd[1]: Listening on udev Control Socket.
[[0;32m  OK  [0m] Listening on udev Control Socket.
[   20.684756] systemd[1]: Listening on udev Kernel Socket.
[[0;32m  OK  [0m] Listening on udev Kernel Socket.
[   20.820711] systemd[1]: Set up automount Arbitrary Executable File Formats File System Automount Point.
[[0;32m  OK  [0m] Set up automount Arbitrary Executab...ats File System Automount Point.
[   20.964493] systemd[1]: Listening on LVM2 metadata daemon socket.
[[0;32m  OK  [0m] Listening on LVM2 metadata daemon socket.
[   21.184636] systemd[1]: Started Forward Password Requests to Wall Directory Watch.
[[0;32m  OK  [0m] Started Forward Password Requests to Wall Directory Watch.
[   21.452455] systemd[1]: Reached target Swap.
[[0;32m  OK  [0m] Reached target Swap.
[   21.628349] systemd[1]: Reached target User and Group Name Lookups.
[[0;32m  OK  [0m] Reached target User and Group Name Lookups.
[   21.856366] systemd[1]: Listening on Syslog Socket.
[[0;32m  OK  [0m] Listening on Syslog Socket.
[   22.014097] systemd[1]: Reached target Encrypted Volumes.
[[0;32m  OK  [0m] Reached target Encrypted Volumes.
[   22.160658] systemd[1]: Listening on Device-mapper event daemon FIFOs.
[[0;32m  OK  [0m] Listening on Device-mapper event daemon FIFOs.
[   22.288717] systemd[1]: Listening on /dev/initctl Compatibility Named Pipe.
[[0;32m  OK  [0m] Listening on /dev/initctl Compatibility Named Pipe.
[   22.569168] systemd[1]: Created slice System Slice.
[[0;32m  OK  [0m] Created slice System Slice.
[   22.764358] systemd[1]: Starting Nameserver information manager...
         Starting Nameserver information manager...
[   22.976382] systemd[1]: Mounting Huge Pages File System...
         Mounting Huge Pages File System...
[   23.088502] systemd[1]: Starting Set console keymap...
         Starting Set console keymap...
[   23.220898] systemd[1]: Created slice system-serial\x2dgetty.slice.
[[0;32m  OK  [0m] Created slice system-serial\x2dgetty.slice.
[   23.356487] systemd[1]: Starting Load Kernel Modules...
[   23.435049] Loading iSCSI transport class v2.0-870.
         Starting Load Kernel Mo[   23.537721] iscsi: registered transport (tcp)
dules...
[   23.668232] systemd[1]: Mounting POSIX Message Queue File System...
         Mounting POSIX Message Queue File System...
[   23.712931] iscsi: registered transport (iser)
[   23.753735] systemd[1]: Mounting Debug File System...
         Mounting Debug File System...
[   23.860536] systemd[1]: Starting Create list of required static device nodes for the current kernel...
         Starting Create list of required st... nodes for the current kernel...
[   24.008635] systemd[1]: Starting Monitoring of LVM2 mirrors, snapshots etc. using dmeventd or progress polling...
         Starting Monitoring of LVM2 mirrors... dmeventd or progress polling...
[   24.292556] systemd[1]: Starting Uncomplicated firewall...
         Starting Uncomplicated firewall...
[   24.420487] systemd[1]: Starting Remount Root and Kernel File Systems...
[   24.456538] EXT4-fs (sda1): re-mounted. Opts: (null)
         Starting Remount Root and Kernel File Systems...
[   24.756494] systemd[1]: Listening on Journal Socket (/dev/log).
[[0;32m  OK  [0m] Listening on Journal Socket (/dev/log).
[   24.832394] systemd[1]: Starting Journal Service...
         Starting Journal Service...
[   24.932498] systemd[1]: Listening on LVM2 poll daemon socket.
[[0;32m  OK  [0m] Listening on LVM2 poll daemon socket.
[   25.072474] systemd[1]: Started Trigger resolvconf update for networkd DNS.
[[0;32m  OK  [0m] Started Trigger resolvconf update for networkd DNS.
[   25.237402] systemd[1]: Created slice User and Session Slice.
[[0;32m  OK  [0m] Created slice User and Session Slice.
[   25.368487] systemd[1]: Reached target Slices.
[[0;32m  OK  [0m] Reached target Slices.
[   25.418548] systemd[1]: Mounted POSIX Message Queue File System.
[[0;32m  OK  [0m] Mounted POSIX Message Queue File System.
[   25.548580] systemd[1]: Mounted Huge Pages File System.
[[0;32m  OK  [0m] Mounted Huge Pages File System.
[   25.664421] systemd[1]: Mounted Debug File System.
[[0;32m  OK  [0m] Mounted Debug File System.
[   25.768685] systemd[1]: Started Journal Service.
[[0;32m  OK  [0m] Started Journal Service.
[[0;32m  OK  [0m] Started Set console keymap.
[[0;32m  OK  [0m] Started Load Kernel Modules.
[[0;32m  OK  [0m] Started Create list of required sta...ce nodes for the current kernel.
[[0;32m  OK  [0m] Started Uncomplicated firewall.
[[0;32m  OK  [0m] Started Remount Root and Kernel File Systems.
[[0;32m  OK  [0m] Started Nameserver information manager.
[[0;32m  OK  [0m] Started LVM2 metadata daemon.
         Starting Initial cloud-init job (pre-networking)...
         Starting Load/Save Random Seed...
         Starting udev Coldplug all Devices...
         Starting Create Static Device Nodes in /dev...
         Mounting FUSE Control File System...
         Starting Apply Kernel Variables...
         Starting Flush Journal to Persistent Storage...
[[0;32m  OK  [0m] Mounted FUSE Control File System.
[[0;32m  OK  [0m] Started Monitoring of LVM2 mirrors,...ng dmeventd or progress polling.
[[0;32m  OK  [0m] Started Load/Save Random Seed.
[[0;32m  OK  [0m] Started Create Static Device Nodes in /dev.
[[0;32m  OK  [0m] Started Apply Kernel Variables.
[[0;32m  OK  [0m] Started udev Coldplug all Devices.
         Starting udev Kernel Device Manager...
[[0;32m  OK  [0m] Started Flush Journal to Persistent Storage.
[[0;32m  OK  [0m] Started udev Kernel Device Manager.
[[0;32m  OK  [0m] Reached target Local File Systems (Pre).
[[0;32m  OK  [0m] Reached target Local File Systems.
         Starting Set console font and keymap...
         Starting Tell Plymouth To Write Out Runtime Data...
         Starting Create Volatile Files and Directories...
         Starting Commit a transient machine-id on disk...
         Starting LSB: AppArmor initialization...
[[0;32m  OK  [0m] Started Dispatch Password Requests to Console Directory Watch.
[[0;32m  OK  [0m] Started Tell Plymouth To Write Out Runtime Data.
[[0;32m  OK  [0m] Started Create Volatile Files and Directories.
[[0;32m  OK  [0m] Started Commit a transient machine-id on disk.
[[0;32m  OK  [0m] Found device /dev/ttyS0.
         Starting Update UTMP about System Boot/Shutdown...
[[0;32m  OK  [0m] Reached target System Time Synchronized.
[[0;32m  OK  [0m] Started Update UTMP about System Boot/Shutdown.
[[0;32m  OK  [0m] Listening on Load/Save RF Kill Switch Status /dev/rfkill Watch.
[[0;32m  OK  [0m] Started Set console font and keymap.
[[0;32m  OK  [0m] Created slice system-getty.slice.
[[0;32m  OK  [0m] Started LSB: AppArmor initialization.
[   33.004690] cloud-init[440]: Cloud-init v. 17.1 running 'init-local' at Sat, 03 Feb 2018 13:46:32 +0000. Up 32.28 seconds.
[[0;32m  OK  [0m] Started Initial cloud-init job (pre-networking).
[[0;32m  OK  [0m] Reached target Network (Pre).
         Starting Raise network interfaces...
[[0;32m  OK  [0m] Started Raise network interfaces.
         Starting Initial cloud-init job (metadata service crawler)...
[[0;32m  OK  [0m] Reached target Network.
[   37.026176] cloud-init[944]: Cloud-init v. 17.1 running 'init' at Sat, 03 Feb 2018 13:46:33 +0000. Up 34.15 seconds.
[[0;32m  OK  [0m] Started Initial cloud-init job (metadata service crawler).
[   37.160859] cloud-init[944]: ci-info: +++++++++++++++++++++++++++++++++++++Net device info+++++++++++++++++++++++++++++++++++++
[   37.320571] [cloud-init[0;32m  OK  [0m[944]: ] ci-info: +--------+------+---------------------------+---------------+-------+-------------------+Reached target Network is Online.

[   37.321037] cloud-init[944]: ci-info: | Device |  Up  |          Address          |      Mask     | Scope |     Hw-Address    |
[   37.517773]          Starting iSCSI initiator daemon (iscsid)...
[[0;32m  OK  [0m] Reached target Cloud-config availability.
[[0;32m  OK  [0m] Reached target System Initialization.
cloud-init[944]: ci-info: +--------+------+---------------------------+---------------+-------+-------------------+
[   37.616556]          cloud-initStarting LXD - unix socket.[944]: 
ci-info: | enp0s3 | True |         10.0.2.15         | 255.255.255.0 |   .   | 02:38:07:4c:82:85 |
[   37.662409] [cloud-init[0;32m  OK  [0m[944]: ] ci-info: | enp0s3 | True | fe80::38:7ff:fe4c:8285/64 |       .       |  link | 02:38:07:4c:82:85 |Started Daily Cleanup of Temporary Directories.

[   37.662926] cloud-init[[944]: [0;32m  OK  [0mci-info: |   lo   | True |         127.0.0.1         |   255.0.0.0   |   .   |         .         |] 
Started Daily apt download activities.
[   37.982269] [cloud-init[0;32m  OK  [0m[944]: ] ci-info: |   lo   | True |          ::1/128          |       .       |  host |         .         |Started ACPI Events Check.

[[0;32m  OK  [0m] Reached target Paths.
[   37.982728] cloud-init[944]: ci-info: +--------+------+---------------------------+---------------+-------+-------------------+
[   38.256550] [cloud-init[0;32m  OK  [0m[944]: ] ci-info: +++++++++++++++++++++++++++Route IPv4 info++++++++++++++++++++++++++++Started Timer to automatically refresh installed snaps.

[   38.257074]          Starting Socket activation for snappy daemon.
[[0;32m  OK  [0m] Listening on UUID daemon activation socket.
[[0;32m  OK  [0m] Started Daily apt upgrade and clean activities.
cloud-init[944]: ci-info: +-------+-------------+----------+---------------+-----------+-------+
[   38.604654] cloud-init[944]: ci-info: | Route | Destination | Gateway  |    Genmask    | Interface | Flags |
[   38.632248] cloud-init[944]: ci-info: +-------+-------------+----------+---------------+-----------+-------+
[   38.635153] [cloud-init[0;32m  OK  [0m[944]: ] ci-info: |   0   |   0.0.0.0   | 10.0.2.2 |    0.0.0.0    |   enp0s3  |   UG  |Listening on ACPID Listen Socket.

[[0;32m  OK  [0m] Reached target Timers.
[[0;32m  OK  [0m] Listening on D-Bus System Message Bus Socket.
[   38.635538] cloud-init[944]: ci-info: |   1   |   10.0.2.0  | 0.0.0.0  | 255.255.255.0 |   enp0s3  |   U   |
[   38.932475] [cloud-init[0;32m  OK  [0m[944]: ] ci-info: +-------+-------------+----------+---------------+-----------+-------+Listening on LXD - unix socket.

[[0;32m  OK  [0m] Listening on Socket activation for snappy daemon.
[   38.932889] cloud-init[944]: Generating public/private rsa key pair.
[   39.168641] [cloud-init[0;32m  OK  [0m[944]: ] Your identification has been saved in /etc/ssh/ssh_host_rsa_key.Started iSCSI initiator daemon (iscsid).

[   39.169056] cloud-init[944]: Your public key has been saved in /etc/ssh/ssh_host_rsa_key.pub.
[   39.371536]          cloud-init[944]: The key fingerprint is:
Starting Login to default iSCSI targets...
[[0;32m  OK  [0m] Reached target Sockets.
[[0;32m  OK  [0m] Reached target Basic System.
[   39.372069] cloud-init[944]: SHA256:vmZtSVtwXct2rN3Y+/bzqK0tpqltaWjhc3d3sYSM5xk root@ubuntu-xenial
[[0;32m  OK  [0m] Started Deferred execution scheduler.
[   39.569783] cloud-init[944]: The key's randomart image is:
[[0;32m  OK  [0m] Started ACPI event daemon.
[   39.669291] cloud-init[944]: +---[RSA 2048]----+
         Starting Accounts Service...
[   39.749197] cloud-init[944]: |                 |
[[0;32m  OK  [0m] Started FUSE filesystem for LXC.
[   39.816657] cloud-init[944]: |                .|
[   39.896572] cloud-init[944]: |             ..o.|
[   39.896831] cloud-init[944]: |          . . .+o|
         Starting LSB: MD monitoring daemon...
[   39.896972] cloud-init[944]: |        S  oo o=o|
[   40.072440] cloud-init[944]: |       .. ...Eoo+|
[   40.072726] cloud-init[944]: |       ..= =o + +|
         Starting LSB: Record successful boot for GRUB...
[   40.072870] cloud-init[944]: |        BoX.+=.=+|
[   40.236417] cloud-init[944]: |       +oB++o=+oX|
         Starting Apply the settings specified in cloud-config...
[   40.305780] cloud-init[944]: +----[SHA256]-----+
         Starting Login Service...
[[0;32m  OK  [0m] Started Unattended Upgrades Shutdown.
[   40.457304] cloud-init[944]: Generating public/private dsa key pair.
[   40.571101] cloud-init[944]:          Starting /etc/rc.local Compatibility...
Your identification has been saved in /etc/ssh/ssh_host_dsa_key.         Starting Pollinate to seed the pseudo random number generator...
[   40.581627] cloud-init[944]: Your public key has been saved in /etc/ssh/ssh_host_dsa_key.pub.

[   40.589031] cloud-init[944]: The key fingerprint is:
[[   40.665380] cloud-init[944]: SHA256:aZoyGSk9c0gizkaS/ZxXtpnd/TafXghrZJujo4zgwZk root@ubuntu-xenial
[   40.665643] cloud-init[944]: The key's randomart image is:
[   40.665717] cloud-init[944]: +---[DSA 1024]----+
[   40.665775] cloud-init[944]: |                 |
[   40.665834] cloud-init[944]: | o               |
[   40.665892] cloud-init[944]: |+.o .   o        |
[   40.666508] cloud-init[944]: |=. * + o * . .   |
[   40.666602] cloud-init[944]: | +. @ o S . = .  |
[   40.667711] cloud-init[944]: |.  o X +   o = o |
[   40.667804] cloud-init[944]: |    E o     * ..+|
[   40.667891] cloud-init[944]: |   . = o  .o . .=|
[0;32m  OK  [0m] Started Regular background program processing daemon.
[   40.679528] cloud-init[944]: |    . . o...  .o.|
[   41.240477] cloud-init         Starting Snappy daemon...
[944]: +----[SHA256]-----+
[   41.320438] cloud-init[944]: Generating public/private ecdsa key pair.
[   41.321252] cloud-init[944]: Your identification has been saved in /etc/ssh/ssh_host_ecdsa_key.
         Starting LXD - container startup/shutdown...
[   41.321352] cloud-init[944]: Your public key has been saved in /etc/ssh/ssh_host_ecdsa_key.pub.
[   41.604559] [cloud-init[0;32m  OK  [0m[944]: ] The key fingerprint is:Started D-Bus System Message Bus.

[   41.604876] cloud-init[944]: SHA256:Hh6KlVCOBpDuNKDfyiA6yoOr+HaaIl0yvzXwgE6PGMo root@ubuntu-xenial
[   41.785908] cloud-init[944]: The key's randomart image is:
[   41.840440] cloud-init[944]: +---[ECDSA 256]---+
[   41.885032] cloud-init[944]: |.o.   .          |
[   41.956597] cloud-init[944]: |o  . +           |
[   41.992563] cloud-init[944]: |+   + .          |
[   42.060603] cloud-init[944]: |.+ o . .         |
[   42.105193] cloud-init[944]: |+.+.o o S        |
[   42.164627] cloud-init[944]: |=*+oo* + o       |
[   42.220417] cloud-init[944]: |*Eo*o = o        |
[   42.280535] cloud-init[944]: |O.=.o. .         |
[   42.332362] cloud-init[944]: |OB=o..           |
[   42.380558] cloud-init[944]: +----[SHA256]-----+
[   42.445375] cloud-init[944]: Generating public/private ed25519 key pair.
[   42.496465] cloud-init[944]: Your identification has been saved in /etc/ssh/ssh_host_ed25519_key.
[   42.620566] cloud-init[944]: Your public key has been saved in /etc/ssh/ssh_host_ed25519_key.pub.
[   42.726677] cloud-init[944]: The key fingerprint is:
[   42.788469] cloud-init[944]: SHA256:BzBSLQaYk/dec3/mfMszUTQlNC4llxgeE1pMLJw/bpA root@ubuntu-xenial
[   42.805627] cloud-init[944]: The key's randomart image is:
         Starting System Logging Service...
[   42.872450] cloud-init[944]: +--[ED25519 256]--+
[   42.932673] cloud-init[944]: |   +oo+. . =O=*.o|
[[0;32m  OK  [0m] Started /etc/rc.local Compatibility.
[   42.933196] cloud-init[944]: |  = ..oo. +++B.+.|
[   43.136448] cloud-init[944]: |   o o .. .+o ...|
[   43.200398] [cloud-init[0;32m  OK  [0m[944]: ] |      . o.E o.  .|Started Login Service.

[   43.268790] cloud-init[944]: |     . .So.+ .  .|
[   43.316401] cloud-init[944]: |      .  .  + o. |
[   43.360533] cloud-init[944]: |           . =  .|
[   43.416679] cloud-init[944]: |              +o.|
[   43.448555] cloud-init[944]: |               ++|
[   43.500584] cloud-init[944]: +----[SHA256]-----+
[[0;32m  OK  [0m] Started LSB: Record successful boot for GRUB.
[   43.564513] cloud-init[1073]: Generating locales (this might take a while)...
         Starting Authenticate and Authorize Users to Run Privileged Tasks...
[[0;32m  OK  [0m] Started System Logging Service.
[[0;32m  OK  [0m] Started LSB: MD monitoring daemon.
[[0;32m  OK  [0m] Started Login to default iSCSI targets.
[[0;32m  OK  [0m] Reached target Remote File Systems (Pre).
[[0;32m  OK  [0m] Reached target Remote File Systems.
         Starting LSB: automatic crash report generation...
         Starting Permit User Sessions...
         Starting LSB: Set the CPU Frequency Scaling governor to "ondemand"...
         Starting LSB: daemon to balance interrupts for SMP systems...
         Starting LSB: VirtualBox Linux Additions...
[[0;32m  OK  [0m] Started Pollinate to seed the pseudo random number generator.
[[0;32m  OK  [0m] Started Permit User Sessions.
[   44.553649] cloud-init[1073]:   en_US.UTF-8... done
[   44.616741] cloud-init[1073]: Generation complete.
[[0;32m  OK  [0m] Started Authenticate and Authorize Users to Run Privileged Tasks.
[[0;32m  OK  [0m] Started Accounts Service.
[[0;32m  OK  [0m] Started LSB: Set the CPU Frequency Scaling governor to "ondemand".
         Starting Terminate Plymouth Boot Screen...
         Starting Hold until boot process finishes up...
         Starting OpenBSD Secure Shell server...
[[0;32m  OK  [0m] Started LSB: automatic crash report generation.
[[0;32m  OK  [0m] Started Terminate Plymouth Boot Screen.
[[0;32m  OK  [0m] Started Hold until boot process finishes up.
[[0;32m  OK  [0m] Started LSB: daemon to balance interrupts for SMP systems.
         Starting Set console scheme...
[[0;32m  OK  [0m] Started Getty on tty1.
[[0;32m  OK  [0m] Started Serial Getty on ttyS0.
[[0;32m  OK  [0m] Reached target Login Prompts.
[[0;32m  OK  [0m] Started Set console scheme.
[[0;32m  OK  [0m] Started OpenBSD Secure Shell server.
[[0;32m  OK  [0m] Started LXD - container startup/shutdown.
[[0;32m  OK  [0m] Started LSB: VirtualBox Linux Additions.
[[0;32m  OK  [0m] Started Snappy daemon.
[[0;32m  OK  [0m] Created slice User Slice of vagrant.
[[0;32m  OK  [0m] Reached target Multi-User System.
[[0;32m  OK  [0m] Reached target Graphical Interface.
         Starting Update UTMP about System Runlevel Changes...
[[0;32m  OK  [0m] Started Update UTMP about System Runlevel Changes.
         Starting User Manager for UID 1000...
[[0;32m  OK  [0m] Started Session 1 of user vagrant.
[[0;32m  OK  [0m] Started User Manager for UID 1000.
[   49.224020] cloud-init[1073]: Cloud-init v. 17.1 running 'modules:config' at Sat, 03 Feb 2018 13:46:40 +0000. Up 40.69 seconds.
[[0;32m  OK  [0m] Started Apply the settings specified in cloud-config.
         Starting Execute cloud user/final scripts...
ci-info: no authorized ssh keys fingerprints found for user ubuntu.
<14>Feb  3 13:46:50 ec2: 
<14>Feb  3 13:46:50 ec2: #############################################################
<14>Feb  3 13:46:50 ec2: -----BEGIN SSH HOST KEY FINGERPRINTS-----
<14>Feb  3 13:46:50 ec2: 1024 SHA256:aZoyGSk9c0gizkaS/ZxXtpnd/TafXghrZJujo4zgwZk root@ubuntu-xenial (DSA)
<14>Feb  3 13:46:50 ec2: 256 SHA256:Hh6KlVCOBpDuNKDfyiA6yoOr+HaaIl0yvzXwgE6PGMo root@ubuntu-xenial (ECDSA)
<14>Feb  3 13:46:50 ec2: 256 SHA256:BzBSLQaYk/dec3/mfMszUTQlNC4llxgeE1pMLJw/bpA root@ubuntu-xenial (ED25519)
<14>Feb  3 13:46:50 ec2: 2048 SHA256:vmZtSVtwXct2rN3Y+/bzqK0tpqltaWjhc3d3sYSM5xk root@ubuntu-xenial (RSA)
<14>Feb  3 13:46:50 ec2: -----END SSH HOST KEY FINGERPRINTS-----
<14>Feb  3 13:46:50 ec2: #############################################################
-----BEGIN SSH HOST KEY KEYS-----
ecdsa-sha2-nistp256 AAAAE2VjZHNhLXNoYTItbmlzdHAyNTYAAAAIbmlzdHAyNTYAAABBBEisLrqzZGIgVY69hgsl05l9xYSFLdL98Sgz6cI6i3itcYiYvolEjISQjxNkpxhIzUKNkyWwT6qdu1TCPvrlvyk= root@ubuntu-xenial
ssh-ed25519 AAAAC3NzaC1lZDI1NTE5AAAAIKIn2PG3RMBt/riVAYP7phMgtRVOhXOLmR/RJ/FIaztA root@ubuntu-xenial
ssh-rsa AAAAB3NzaC1yc2EAAAADAQABAAABAQDTVAbXe8gtexnX6lQEoKQtUKcUxCeBPLLZNUtxdDYtIoubwokAYTdubrO4gE/Yz5JZ0RCIFI68q25SyQ9m/1yI/ow+WWgYCT6k4Oz9+zOlb+2CEP0VXZIYkY4ImbQBNZ0cBfDjya32bwXbe7KyuRT/QkpgHPwFZgjKQgNb0+Rc9eI6RruHSP0YzkwDLBATz+K9D3N9VqhCyiTYrT/ukeeIFZZ1EP1oYkvEk3EgGCVAmU3ZfNiqKIZgmt3e6KFLpqBw0RAomD5jmeBhO6CCTD6Oepn9uc39ripbq1W4mfiF9EToi+y1/+zjvCOJodjhluxY/celn3h6ZYqyJ9suFkrJ root@ubuntu-xenial
-----END SSH HOST KEY KEYS-----
[   51.325479] cloud-init[1374]: Cloud-init v. 17.1 running 'modules:final' at Sat, 03 Feb 2018 13:46:49 +0000. Up 49.89 seconds.
[   51.440500] cloud-init[1374]: ci-info: no authorized ssh keys fingerprints found for user ubuntu.
[   51.440906] cloud-init[1374]: Cloud-init v. 17.1 finished at Sat, 03 Feb 2018 13:46:51 +0000. Datasource DataSourceNoCloud [seed=/dev/sdb][dsmode=net].  Up 51.31 seconds

Ubuntu 16.04.3 LTS ubuntu-xenial ttyS0

ubuntu-xenial login: 